\BOOKMARK [0][-]{chapter.1}{\376\377\000I\000n\000t\000r\000o\000d\000u\000c\000t\000i\000o\000n}{}% 1
\BOOKMARK [1][-]{section.1.1}{\376\377\000F\000e\000a\000t\000u\000r\000e\000s}{chapter.1}% 2
\BOOKMARK [0][-]{chapter.2}{\376\377\000I\000n\000s\000t\000a\000l\000l}{}% 3
\BOOKMARK [0][-]{chapter.3}{\376\377\000A\000P\000I\000\040\000d\000e\000f\000i\000n\000i\000t\000i\000o\000n}{}% 4
\BOOKMARK [1][-]{section.3.1}{\376\377\000A\000P\000I\000\040\000o\000p\000t\000i\000o\000n\000s}{chapter.3}% 5
\BOOKMARK [1][-]{section.3.2}{\376\377\000R\000e\000s\000o\000u\000r\000c\000e\000s}{chapter.3}% 6
\BOOKMARK [1][-]{section.3.3}{\376\377\000R\000e\000s\000o\000u\000r\000c\000e\000\040\000o\000p\000e\000r\000a\000t\000i\000o\000n\000s}{chapter.3}% 7
\BOOKMARK [1][-]{section.3.4}{\376\377\000A\000P\000I\000\040\000e\000x\000a\000m\000p\000l\000e}{chapter.3}% 8
\BOOKMARK [0][-]{chapter.4}{\376\377\000A\000P\000I\000\040\000i\000m\000p\000l\000e\000m\000e\000n\000t\000a\000t\000i\000o\000n}{}% 9
\BOOKMARK [1][-]{section.4.1}{\376\377\000C\000o\000n\000d\000i\000t\000i\000o\000n\000a\000l\000\040\000d\000i\000s\000p\000a\000t\000c\000h}{chapter.4}% 10
\BOOKMARK [0][-]{chapter.5}{\376\377\000S\000t\000a\000r\000t\000i\000n\000g\000\040\000t\000h\000e\000\040\000A\000P\000I}{}% 11
\BOOKMARK [0][-]{chapter.6}{\376\377\000A\000c\000c\000e\000s\000s\000i\000n\000g\000\040\000t\000h\000e\000\040\000A\000P\000I}{}% 12
\BOOKMARK [0][-]{chapter.7}{\376\377\000E\000r\000r\000o\000r\000\040\000h\000a\000n\000d\000l\000i\000n\000g}{}% 13
\BOOKMARK [1][-]{section.7.1}{\376\377\000G\000l\000o\000b\000a\000l\000\040\000e\000r\000r\000o\000r\000\040\000m\000o\000d\000e}{chapter.7}% 14
\BOOKMARK [0][-]{chapter.8}{\376\377\000A\000P\000I\000\040\000c\000o\000n\000f\000i\000g\000u\000r\000a\000t\000i\000o\000n}{}% 15
\BOOKMARK [1][-]{section.8.1}{\376\377\000C\000O\000R\000S\000\040\000c\000o\000n\000f\000i\000g\000u\000r\000a\000t\000i\000o\000n}{chapter.8}% 16
\BOOKMARK [1][-]{section.8.2}{\376\377\000L\000o\000g\000g\000i\000n\000g\000\040\000c\000o\000n\000f\000i\000g\000u\000r\000a\000t\000i\000o\000n}{chapter.8}% 17
\BOOKMARK [0][-]{chapter.9}{\376\377\000A\000P\000I\000\040\000d\000o\000c\000u\000m\000e\000n\000t\000a\000t\000i\000o\000n}{}% 18
\BOOKMARK [0][-]{chapter.10}{\376\377\000A\000P\000I}{}% 19
\BOOKMARK [0][-]{chapter.11}{\376\377\000I\000n\000d\000i\000c\000e\000s\000\040\000a\000n\000d\000\040\000t\000a\000b\000l\000e\000s}{}% 20
\BOOKMARK [0][-]{section*.77}{\376\377\000I\000n\000d\000e\000x}{}% 21
